[2016-08-04 00:53:16] dev.ERROR: Illuminate\Session\TokenMismatchException in /var/www/html/asgard/bootstrap/cache/compiled.php:2927
Stack trace:
#0 /var/www/html/asgard/app/Http/Middleware/VerifyCsrfToken.php(17): Illuminate\Foundation\Http\Middleware\VerifyCsrfToken->handle(Object(Illuminate\Http\Request), Object(Closure))
#1 [internal function]: App\Http\Middleware\VerifyCsrfToken->handle(Object(Illuminate\Http\Request), Object(Closure))
#2 /var/www/html/asgard/bootstrap/cache/compiled.php(9634): call_user_func_array(Array, Array)
#3 /var/www/html/asgard/vendor/maatwebsite/laravel-sidebar/src/Middleware/ResolveSidebars.php(35): Illuminate\Pipeline\Pipeline->Illuminate\Pipeline\{closure}(Object(Illuminate\Http\Request))
#4 [internal function]: Maatwebsite\Sidebar\Middleware\ResolveSidebars->handle(Object(Illuminate\Http\Request), Object(Closure))
#5 /var/www/html/asgard/bootstrap/cache/compiled.php(9634): call_user_func_array(Array, Array)
#6 /var/www/html/asgard/bootstrap/cache/compiled.php(12993): Illuminate\Pipeline\Pipeline->Illuminate\Pipeline\{closure}(Object(Illuminate\Http\Request))
#7 [internal function]: Illuminate\View\Middleware\ShareErrorsFromSession->handle(Object(Illuminate\Http\Request), Object(Closure))
#8 /var/www/html/asgard/bootstrap/cache/compiled.php(9634): call_user_func_array(Array, Array)
#9 /var/www/html/asgard/bootstrap/cache/compiled.php(11585): Illuminate\Pipeline\Pipeline->Illuminate\Pipeline\{closure}(Object(Illuminate\Http\Request))
#10 [internal function]: Illuminate\Session\Middleware\StartSession->handle(Object(Illuminate\Http\Request), Object(Closure))
#11 /var/www/html/asgard/bootstrap/cache/compiled.php(9634): call_user_func_array(Array, Array)
#12 /var/www/html/asgard/bootstrap/cache/compiled.php(12730): Illuminate\Pipeline\Pipeline->Illuminate\Pipeline\{closure}(Object(Illuminate\Http\Request))
#13 [internal function]: Illuminate\Cookie\Middleware\AddQueuedCookiesToResponse->handle(Object(Illuminate\Http\Request), Object(Closure))
#14 /var/www/html/asgard/bootstrap/cache/compiled.php(9634): call_user_func_array(Array, Array)
#15 /var/www/html/asgard/bootstrap/cache/compiled.php(12667): Illuminate\Pipeline\Pipeline->Illuminate\Pipeline\{closure}(Object(Illuminate\Http\Request))
#16 [internal function]: Illuminate\Cookie\Middleware\EncryptCookies->handle(Object(Illuminate\Http\Request), Object(Closure))
#17 /var/www/html/asgard/bootstrap/cache/compiled.php(9634): call_user_func_array(Array, Array)
#18 /var/www/html/asgard/bootstrap/cache/compiled.php(2982): Illuminate\Pipeline\Pipeline->Illuminate\Pipeline\{closure}(Object(Illuminate\Http\Request))
#19 [internal function]: Illuminate\Foundation\Http\Middleware\CheckForMaintenanceMode->handle(Object(Illuminate\Http\Request), Object(Closure))
#20 /var/www/html/asgard/bootstrap/cache/compiled.php(9634): call_user_func_array(Array, Array)
#21 [internal function]: Illuminate\Pipeline\Pipeline->Illuminate\Pipeline\{closure}(Object(Illuminate\Http\Request))
#22 /var/www/html/asgard/bootstrap/cache/compiled.php(9624): call_user_func(Object(Closure), Object(Illuminate\Http\Request))
#23 /var/www/html/asgard/bootstrap/cache/compiled.php(2257): Illuminate\Pipeline\Pipeline->then(Object(Closure))
#24 /var/www/html/asgard/bootstrap/cache/compiled.php(2240): Illuminate\Foundation\Http\Kernel->sendRequestThroughRouter(Object(Illuminate\Http\Request))
#25 /var/www/html/asgard/public/index.php(52): Illuminate\Foundation\Http\Kernel->handle(Object(Illuminate\Http\Request))
#26 {main}  
[2016-08-04 00:53:23] dev.ERROR: Illuminate\Session\TokenMismatchException in /var/www/html/asgard/bootstrap/cache/compiled.php:2927
Stack trace:
#0 /var/www/html/asgard/app/Http/Middleware/VerifyCsrfToken.php(17): Illuminate\Foundation\Http\Middleware\VerifyCsrfToken->handle(Object(Illuminate\Http\Request), Object(Closure))
#1 [internal function]: App\Http\Middleware\VerifyCsrfToken->handle(Object(Illuminate\Http\Request), Object(Closure))
#2 /var/www/html/asgard/bootstrap/cache/compiled.php(9634): call_user_func_array(Array, Array)
#3 /var/www/html/asgard/vendor/maatwebsite/laravel-sidebar/src/Middleware/ResolveSidebars.php(35): Illuminate\Pipeline\Pipeline->Illuminate\Pipeline\{closure}(Object(Illuminate\Http\Request))
#4 [internal function]: Maatwebsite\Sidebar\Middleware\ResolveSidebars->handle(Object(Illuminate\Http\Request), Object(Closure))
#5 /var/www/html/asgard/bootstrap/cache/compiled.php(9634): call_user_func_array(Array, Array)
#6 /var/www/html/asgard/bootstrap/cache/compiled.php(12993): Illuminate\Pipeline\Pipeline->Illuminate\Pipeline\{closure}(Object(Illuminate\Http\Request))
#7 [internal function]: Illuminate\View\Middleware\ShareErrorsFromSession->handle(Object(Illuminate\Http\Request), Object(Closure))
#8 /var/www/html/asgard/bootstrap/cache/compiled.php(9634): call_user_func_array(Array, Array)
#9 /var/www/html/asgard/bootstrap/cache/compiled.php(11585): Illuminate\Pipeline\Pipeline->Illuminate\Pipeline\{closure}(Object(Illuminate\Http\Request))
#10 [internal function]: Illuminate\Session\Middleware\StartSession->handle(Object(Illuminate\Http\Request), Object(Closure))
#11 /var/www/html/asgard/bootstrap/cache/compiled.php(9634): call_user_func_array(Array, Array)
#12 /var/www/html/asgard/bootstrap/cache/compiled.php(12730): Illuminate\Pipeline\Pipeline->Illuminate\Pipeline\{closure}(Object(Illuminate\Http\Request))
#13 [internal function]: Illuminate\Cookie\Middleware\AddQueuedCookiesToResponse->handle(Object(Illuminate\Http\Request), Object(Closure))
#14 /var/www/html/asgard/bootstrap/cache/compiled.php(9634): call_user_func_array(Array, Array)
#15 /var/www/html/asgard/bootstrap/cache/compiled.php(12667): Illuminate\Pipeline\Pipeline->Illuminate\Pipeline\{closure}(Object(Illuminate\Http\Request))
#16 [internal function]: Illuminate\Cookie\Middleware\EncryptCookies->handle(Object(Illuminate\Http\Request), Object(Closure))
#17 /var/www/html/asgard/bootstrap/cache/compiled.php(9634): call_user_func_array(Array, Array)
#18 /var/www/html/asgard/bootstrap/cache/compiled.php(2982): Illuminate\Pipeline\Pipeline->Illuminate\Pipeline\{closure}(Object(Illuminate\Http\Request))
#19 [internal function]: Illuminate\Foundation\Http\Middleware\CheckForMaintenanceMode->handle(Object(Illuminate\Http\Request), Object(Closure))
#20 /var/www/html/asgard/bootstrap/cache/compiled.php(9634): call_user_func_array(Array, Array)
#21 [internal function]: Illuminate\Pipeline\Pipeline->Illuminate\Pipeline\{closure}(Object(Illuminate\Http\Request))
#22 /var/www/html/asgard/bootstrap/cache/compiled.php(9624): call_user_func(Object(Closure), Object(Illuminate\Http\Request))
#23 /var/www/html/asgard/bootstrap/cache/compiled.php(2257): Illuminate\Pipeline\Pipeline->then(Object(Closure))
#24 /var/www/html/asgard/bootstrap/cache/compiled.php(2240): Illuminate\Foundation\Http\Kernel->sendRequestThroughRouter(Object(Illuminate\Http\Request))
#25 /var/www/html/asgard/public/index.php(52): Illuminate\Foundation\Http\Kernel->handle(Object(Illuminate\Http\Request))
#26 {main}  
[2016-08-04 01:09:18] local.ERROR: RuntimeException: Too many arguments. in /var/www/html/asgard/vendor/symfony/console/Input/ArgvInput.php:177
Stack trace:
#0 /var/www/html/asgard/vendor/symfony/console/Input/ArgvInput.php(86): Symfony\Component\Console\Input\ArgvInput->parseArgument('cipherwise/Proj...')
#1 /var/www/html/asgard/vendor/symfony/console/Input/Input.php(59): Symfony\Component\Console\Input\ArgvInput->parse()
#2 /var/www/html/asgard/vendor/symfony/console/Command/Command.php(221): Symfony\Component\Console\Input\Input->bind(Object(Symfony\Component\Console\Input\InputDefinition))
#3 /var/www/html/asgard/vendor/laravel/framework/src/Illuminate/Console/Command.php(136): Symfony\Component\Console\Command\Command->run(Object(Symfony\Component\Console\Input\ArgvInput), Object(Symfony\Component\Console\Output\ConsoleOutput))
#4 /var/www/html/asgard/vendor/symfony/console/Application.php(841): Illuminate\Console\Command->run(Object(Symfony\Component\Console\Input\ArgvInput), Object(Symfony\Component\Console\Output\ConsoleOutput))
#5 /var/www/html/asgard/vendor/symfony/console/Application.php(189): Symfony\Component\Console\Application->doRunCommand(Object(Modules\Workshop\Console\ModuleScaffoldCommand), Object(Symfony\Component\Console\Input\ArgvInput), Object(Symfony\Component\Console\Output\ConsoleOutput))
#6 /var/www/html/asgard/vendor/symfony/console/Application.php(120): Symfony\Component\Console\Application->doRun(Object(Symfony\Component\Console\Input\ArgvInput), Object(Symfony\Component\Console\Output\ConsoleOutput))
#7 /var/www/html/asgard/vendor/laravel/framework/src/Illuminate/Foundation/Console/Kernel.php(107): Symfony\Component\Console\Application->run(Object(Symfony\Component\Console\Input\ArgvInput), Object(Symfony\Component\Console\Output\ConsoleOutput))
#8 /var/www/html/asgard/artisan(35): Illuminate\Foundation\Console\Kernel->handle(Object(Symfony\Component\Console\Input\ArgvInput), Object(Symfony\Component\Console\Output\ConsoleOutput))
#9 {main}  
